android/app/build/intermediates/manifest_merge_blame_file/release/manifest-merger-blame-release-report.txt
1<?xml version="1.0" encoding="utf-8"?>
2<manifest xmlns:android="http://schemas.android.com/apk/res/android"
3    package="com.boxmobileapp"
4    android:versionCode="1"
5    android:versionName="1.89" >
6
7    <uses-sdk
8        android:minSdkVersion="21"
8-->src\main\AndroidManifest.xml
9        android:targetSdkVersion="33" />
9-->src\main\AndroidManifest.xml
10
11    <uses-permission android:name="android.permission.INTERNET" />
11-->src\main\AndroidManifest.xml:3:5-67
11-->src\main\AndroidManifest.xml:3:22-64
12    <uses-permission android:name="android.permission.ACCESS_NETWORK_STATE" />
12-->src\main\AndroidManifest.xml:4:5-79
12-->src\main\AndroidManifest.xml:4:22-76
13    <uses-permission android:name="android.permission.VIBRATE" />
13-->src\main\AndroidManifest.xml:5:5-66
13-->src\main\AndroidManifest.xml:5:22-63
14    <uses-permission android:name="android.permission.RECEIVE_BOOT_COMPLETED" />
14-->src\main\AndroidManifest.xml:6:5-80
14-->src\main\AndroidManifest.xml:6:22-78
15    <!--
16         Required to keep CPU alive while downloading files
17        (NOT to keep screen awake)
18    -->
19    <uses-permission android:name="android.permission.WAKE_LOCK" /> <!-- Required to check whether Wi-Fi is enabled -->
19-->[:react-native-blob-util] AndroidManifest.xml:14:5-68
19-->[:react-native-blob-util] AndroidManifest.xml:14:22-65
20    <uses-permission android:name="android.permission.ACCESS_WIFI_STATE" /> <!-- Required to read and write the expansion files on shared storage -->
20-->[:react-native-blob-util] AndroidManifest.xml:23:5-76
20-->[:react-native-blob-util] AndroidManifest.xml:23:22-73
21    <uses-permission android:name="android.permission.WRITE_EXTERNAL_STORAGE" /> <!-- Required to read and write the expansion files on shared storage for Android 11 -->
21-->[:react-native-blob-util] AndroidManifest.xml:26:5-81
21-->[:react-native-blob-util] AndroidManifest.xml:26:22-78
22    <uses-permission android:name="android.permission.READ_EXTERNAL_STORAGE" /> <!-- Required to to download files without a notification -->
22-->[:react-native-blob-util] AndroidManifest.xml:29:5-80
22-->[:react-native-blob-util] AndroidManifest.xml:29:22-77
23    <uses-permission android:name="android.permission.DOWNLOAD_WITHOUT_NOTIFICATION" />
23-->[:react-native-blob-util] AndroidManifest.xml:32:5-88
23-->[:react-native-blob-util] AndroidManifest.xml:32:22-85
24
25    <permission
25-->[androidx.core:core:1.9.0] AndroidManifest.xml:22:5-24:47
26        android:name="com.boxmobileapp.DYNAMIC_RECEIVER_NOT_EXPORTED_PERMISSION"
26-->[androidx.core:core:1.9.0] AndroidManifest.xml:23:9-81
27        android:protectionLevel="signature" />
27-->[androidx.core:core:1.9.0] AndroidManifest.xml:24:9-44
28
29    <uses-permission android:name="com.boxmobileapp.DYNAMIC_RECEIVER_NOT_EXPORTED_PERMISSION" />
29-->[androidx.core:core:1.9.0] AndroidManifest.xml:26:5-97
29-->[androidx.core:core:1.9.0] AndroidManifest.xml:26:22-94
30
31    <application
31-->src\main\AndroidManifest.xml:8:5-30:19
32        android:name="com.boxmobileapp.MainApplication"
32-->src\main\AndroidManifest.xml:9:7-38
33        android:allowBackup="false"
33-->src\main\AndroidManifest.xml:13:7-34
34        android:appComponentFactory="androidx.core.app.CoreComponentFactory"
34-->[androidx.core:core:1.9.0] AndroidManifest.xml:28:18-86
35        android:icon="@mipmap/ic_launcher"
35-->src\main\AndroidManifest.xml:11:7-41
36        android:label="@string/app_name"
36-->src\main\AndroidManifest.xml:10:7-39
37        android:roundIcon="@mipmap/ic_launcher_round"
37-->src\main\AndroidManifest.xml:12:7-52
38        android:theme="@style/AppTheme"
38-->src\main\AndroidManifest.xml:14:7-38
39        android:usesCleartextTraffic="true" >
39-->src\main\AndroidManifest.xml:15:7-42
40        <activity
40-->src\main\AndroidManifest.xml:16:7-29:18
41            android:name="com.boxmobileapp.MainActivity"
41-->src\main\AndroidManifest.xml:17:9-37
42            android:configChanges="keyboard|keyboardHidden|orientation|screenLayout|screenSize|smallestScreenSize|uiMode"
42-->src\main\AndroidManifest.xml:19:9-118
43            android:exported="true"
43-->src\main\AndroidManifest.xml:22:9-32
44            android:label="@string/app_name"
44-->src\main\AndroidManifest.xml:18:9-41
45            android:launchMode="singleTask"
45-->src\main\AndroidManifest.xml:20:9-40
46            android:theme="@style/AppTheme"
46-->src\main\AndroidManifest.xml:23:9-40
47            android:windowSoftInputMode="adjustResize" >
47-->src\main\AndroidManifest.xml:21:9-51
48            <intent-filter>
48-->src\main\AndroidManifest.xml:24:9-28:25
49                <action android:name="android.intent.action.MAIN" />
49-->src\main\AndroidManifest.xml:25:13-65
49-->src\main\AndroidManifest.xml:25:21-62
50
51                <category android:name="android.intent.category.LAUNCHER" />
51-->src\main\AndroidManifest.xml:26:13-73
51-->src\main\AndroidManifest.xml:26:23-70
52                <category android:name="android.intent.category.BROWSABLE" />
52-->src\main\AndroidManifest.xml:27:13-74
52-->src\main\AndroidManifest.xml:27:23-71
53            </intent-filter>
54        </activity>
55
56        <provider
56-->[:react-native-blob-util] AndroidManifest.xml:35:9-43:20
57            android:name="com.ReactNativeBlobUtil.Utils.FileProvider"
57-->[:react-native-blob-util] AndroidManifest.xml:36:13-70
58            android:authorities="com.boxmobileapp.provider"
58-->[:react-native-blob-util] AndroidManifest.xml:37:13-60
59            android:exported="false"
59-->[:react-native-blob-util] AndroidManifest.xml:38:13-37
60            android:grantUriPermissions="true" >
60-->[:react-native-blob-util] AndroidManifest.xml:39:13-47
61            <meta-data
61-->[:react-native-blob-util] AndroidManifest.xml:40:13-42:58
62                android:name="android.support.FILE_PROVIDER_PATHS"
62-->[:react-native-blob-util] AndroidManifest.xml:41:17-67
63                android:resource="@xml/provider_paths" />
63-->[:react-native-blob-util] AndroidManifest.xml:42:17-55
64        </provider>
65        <provider
65-->[:react-native-image-picker] AndroidManifest.xml:8:9-16:20
66            android:name="com.imagepicker.ImagePickerProvider"
66-->[:react-native-image-picker] AndroidManifest.xml:9:13-63
67            android:authorities="com.boxmobileapp.imagepickerprovider"
67-->[:react-native-image-picker] AndroidManifest.xml:10:13-71
68            android:exported="false"
68-->[:react-native-image-picker] AndroidManifest.xml:11:13-37
69            android:grantUriPermissions="true" >
69-->[:react-native-image-picker] AndroidManifest.xml:12:13-47
70            <meta-data
70-->[:react-native-blob-util] AndroidManifest.xml:40:13-42:58
71                android:name="android.support.FILE_PROVIDER_PATHS"
71-->[:react-native-blob-util] AndroidManifest.xml:41:17-67
72                android:resource="@xml/imagepicker_provider_paths" />
72-->[:react-native-blob-util] AndroidManifest.xml:42:17-55
73        </provider>
74        <provider
74-->[androidx.emoji2:emoji2:1.2.0] AndroidManifest.xml:24:9-32:20
75            android:name="androidx.startup.InitializationProvider"
75-->[androidx.emoji2:emoji2:1.2.0] AndroidManifest.xml:25:13-67
76            android:authorities="com.boxmobileapp.androidx-startup"
76-->[androidx.emoji2:emoji2:1.2.0] AndroidManifest.xml:26:13-68
77            android:exported="false" >
77-->[androidx.emoji2:emoji2:1.2.0] AndroidManifest.xml:27:13-37
78            <meta-data
78-->[androidx.emoji2:emoji2:1.2.0] AndroidManifest.xml:29:13-31:52
79                android:name="androidx.emoji2.text.EmojiCompatInitializer"
79-->[androidx.emoji2:emoji2:1.2.0] AndroidManifest.xml:30:17-75
80                android:value="androidx.startup" />
80-->[androidx.emoji2:emoji2:1.2.0] AndroidManifest.xml:31:17-49
81            <meta-data
81-->[androidx.lifecycle:lifecycle-process:2.4.1] AndroidManifest.xml:31:13-33:52
82                android:name="androidx.lifecycle.ProcessLifecycleInitializer"
82-->[androidx.lifecycle:lifecycle-process:2.4.1] AndroidManifest.xml:32:17-78
83                android:value="androidx.startup" />
83-->[androidx.lifecycle:lifecycle-process:2.4.1] AndroidManifest.xml:33:17-49
84        </provider>
85
86        <meta-data
86-->[com.facebook.soloader:soloader:0.10.5] AndroidManifest.xml:12:9-14:37
87            android:name="com.facebook.soloader.enabled"
87-->[com.facebook.soloader:soloader:0.10.5] AndroidManifest.xml:13:13-57
88            android:value="false" />
88-->[com.facebook.soloader:soloader:0.10.5] AndroidManifest.xml:14:13-34
89    </application>
90
91</manifest>